2014-05-19 12:42:18.929 HelloWorld[63998:70b] Multi-tasking -> Device: YES, App: YES
2014-05-19 12:42:18.979 HelloWorld[63998:70b] Fix applied for database locations?: YES
2014-05-19 12:42:19.503 HelloWorld[63998:70b] Resetting plugins due to page load.
2014-05-19 12:42:19.644 HelloWorld[63998:70b] Finished load of: file:///Users/nate/Library/Application%20Support/iPhone%20Simulator/7.1/Applications/C11DD086-809F-495D-9FDA-8101295D44D4/HelloWorld.app/www/index.html
2014-05-19 12:45:00.915 HelloWorld[64575:70b] Multi-tasking -> Device: YES, App: YES
2014-05-19 12:45:01.084 HelloWorld[64575:70b] Resetting plugins due to page load.
2014-05-19 12:45:01.309 HelloWorld[64575:70b] Finished load of: file:///Users/nate/Library/Application%20Support/iPhone%20Simulator/7.1/Applications/C11DD086-809F-495D-9FDA-8101295D44D4/HelloWorld.app/www/index.html
2014-05-19 12:47:05.419 HelloWorld[65044:70b] Multi-tasking -> Device: YES, App: YES
2014-05-19 12:47:05.590 HelloWorld[65044:70b] Resetting plugins due to page load.
2014-05-19 12:47:05.694 HelloWorld[65044:70b] Finished load of: file:///Users/nate/Library/Application%20Support/iPhone%20Simulator/7.1/Applications/C11DD086-809F-495D-9FDA-8101295D44D4/HelloWorld.app/www/index.html
2014-05-19 12:47:07.692 HelloWorld[65044:3f03] ERROR whitelist rejection: url='http://localhost:4567/testing-get'
2014-05-19 12:47:07.694 HelloWorld[65044:3f03] ERROR whitelist rejection: url='http://localhost:4567/testing-get'
2014-05-19 12:47:07.696 HelloWorld[65044:3f03] ERROR whitelist rejection: url='http://localhost:4567/testing-get'
2014-05-19 12:47:18.801 HelloWorld[65044:3f03] void SendDelegateMessage(NSInvocation *): delegate (webView:runJavaScriptAlertPanelWithMessage:initiatedByFrame:) failed to return after waiting 10 seconds. main run loop mode: kCFRunLoopDefaultMode
2014-05-19 12:48:00.868 HelloWorld[65377:70b] Multi-tasking -> Device: YES, App: YES
2014-05-19 12:48:01.027 HelloWorld[65377:70b] Resetting plugins due to page load.
2014-05-19 12:48:01.116 HelloWorld[65377:70b] Finished load of: file:///Users/nate/Library/Application%20Support/iPhone%20Simulator/7.1/Applications/C11DD086-809F-495D-9FDA-8101295D44D4/HelloWorld.app/www/index.html
2014-05-19 12:48:40.022 HelloWorld[65706:70b] Multi-tasking -> Device: YES, App: YES
2014-05-19 12:48:40.171 HelloWorld[65706:70b] Resetting plugins due to page load.
2014-05-19 12:48:40.243 HelloWorld[65706:70b] Finished load of: file:///Users/nate/Library/Application%20Support/iPhone%20Simulator/7.1/Applications/C11DD086-809F-495D-9FDA-8101295D44D4/HelloWorld.app/www/index.html
